

Microchip Technology PIC18 LITE Macro Assembler V1.43 build -156212558 
                                                                                               Mon Sep 18 12:55:09 2017

Microchip Technology Omniscient Code Generator v1.43 (Free mode) build 201707250354
     1                           	processor	18F4550
     2                           	fnconf	rparam,??,?,0
     3                           	opt	pw 120
     4                           	opt	lm
     5                           	psect	cinit,global,reloc=2,class=CODE,delta=1
     6                           	psect	cstackCOMRAM,global,class=COMRAM,space=1,delta=1,noexec
     7                           	psect	text0,global,reloc=2,class=CODE,delta=1
     8                           	psect	intsave_regs,global,class=BIGRAM,space=1,delta=1,noexec
     9                           	psect	rparam,global,class=COMRAM,space=1,delta=1,noexec
    10  0000                     
    11                           ; Version 1.43
    12                           ; Generated 25/07/2017 GMT
    13                           ; 
    14                           ; Copyright © 2017, Microchip Technology Inc. and its subsidiaries ("Microchip")
    15                           ; All rights reserved.
    16                           ; 
    17                           ; This software is developed by Microchip Technology Inc. and its subsidiaries ("Microch
      +                          ip").
    18                           ; 
    19                           ; Redistribution and use in source and binary forms, with or without modification, are
    20                           ; permitted provided that the following conditions are met:
    21                           ; 
    22                           ;     1. Redistributions of source code must retain the above copyright notice, this lis
      +                          t of
    23                           ;        conditions and the following disclaimer.
    24                           ; 
    25                           ;     2. Redistributions in binary form must reproduce the above copyright notice, this 
      +                          list
    26                           ;        of conditions and the following disclaimer in the documentation and/or other
    27                           ;        materials provided with the distribution.
    28                           ; 
    29                           ;     3. Microchip's name may not be used to endorse or promote products derived from th
      +                          is
    30                           ;        software without specific prior written permission.
    31                           ; 
    32                           ; THIS SOFTWARE IS PROVIDED BY MICROCHIP "AS IS" AND ANY EXPRESS OR IMPLIED WARRANTIES,
    33                           ; INCLUDING, BUT NOT LIMITED TO, THE IMPLIED WARRANTIES OF MERCHANTABILITY AND FITNESS F
      +                          OR
    34                           ; PURPOSE ARE DISCLAIMED.  IN NO EVENT SHALL MICROCHIP BE LIABLE FOR ANY DIRECT, INDIREC
      +                          T,
    35                           ; INCIDENTAL, SPECIAL, EXEMPLARY, OR CONSEQUENTIAL DAMAGES (INCLUDING BUT NOT LIMITED TO
    36                           ; PROCUREMENT OF SUBSTITUTE GOODS OR SERVICES; LOSS OF USE, DATA OR PROFITS; OR BUSINESS
    37                           ; INTERRUPTION) HOWSOEVER CAUSED AND ON ANY THEORY OF LIABILITY, WHETHER IN CONTRACT, ST
      +                          RICT
    38                           ; LIABILITY, OR TORT (INCLUDING NEGLIGENCE OR OTHERWISE) ARISING IN ANY WAY OUT OF THE U
      +                          SE OF
    39                           ; THIS SOFTWARE, EVEN IF ADVISED OF THE POSSIBILITY OF SUCH DAMAGE.
    40                           ; 
    41                           ; 
    42                           ; Code-generator required, PIC18F4550 Definitions
    43                           ; 
    44                           ; SFR Addresses
    45  0000                     _PORTB	set	3969
    46  0000                     _PORTD	set	3971
    47  0000                     _ADCON1	set	4033
    48  0000                     _TRISB	set	3987
    49  0000                     _TRISD	set	3989
    50  0000                     _RD0	set	31768
    51  0000                     _RB0	set	31752
    52                           
    53                           ; #config settings
    54  0000                     
    55                           	psect	cinit
    56  007FBE                     __pcinit:
    57                           	opt stack 0
    58  007FBE                     start_initialization:
    59                           	opt stack 0
    60  007FBE                     __initialization:
    61                           	opt stack 0
    62  007FBE                     end_of_initialization:
    63                           	opt stack 0
    64  007FBE                     __end_of__initialization:
    65                           	opt stack 0
    66  007FBE  0100               	movlb	0
    67  007FC0  EFE2  F03F         	goto	_main	;jump to C main() function
    68                           
    69                           	psect	cstackCOMRAM
    70  000001                     __pcstackCOMRAM:
    71                           	opt stack 0
    72  000001                     ??_main:
    73                           
    74                           ; 1 bytes @ 0x0
    75  000001                     	ds	1
    76                           
    77 ;;
    78 ;;Main: autosize = 0, tempsize = 1, incstack = 0, save=0
    79 ;;
    80 ;; *************** function _main *****************
    81 ;; Defined at:
    82 ;;		line 6 in file "main_CursoPic18.c"
    83 ;; Parameters:    Size  Location     Type
    84 ;;		None
    85 ;; Auto vars:     Size  Location     Type
    86 ;;		None
    87 ;; Return value:  Size  Location     Type
    88 ;;                  1    wreg      void 
    89 ;; Registers used:
    90 ;;		wreg, status,2
    91 ;; Tracked objects:
    92 ;;		On entry : 0/0
    93 ;;		On exit  : 0/0
    94 ;;		Unchanged: 0/0
    95 ;; Data sizes:     COMRAM   BANK0   BANK1   BANK2   BANK3   BANK4   BANK5   BANK6   BANK7
    96 ;;      Params:         0       0       0       0       0       0       0       0       0
    97 ;;      Locals:         0       0       0       0       0       0       0       0       0
    98 ;;      Temps:          1       0       0       0       0       0       0       0       0
    99 ;;      Totals:         1       0       0       0       0       0       0       0       0
   100 ;;Total ram usage:        1 bytes
   101 ;; This function calls:
   102 ;;		Nothing
   103 ;; This function is called by:
   104 ;;		Startup code after reset
   105 ;; This function uses a non-reentrant model
   106 ;;
   107                           
   108                           	psect	text0
   109  007FC4                     __ptext0:
   110                           	opt stack 0
   111  007FC4                     _main:
   112                           	opt stack 31
   113                           
   114                           ;main_CursoPic18.c: 8: TRISD=0x00;
   115                           
   116                           ;incstack = 0
   117  007FC4  0E00               	movlw	0
   118  007FC6  6E95               	movwf	3989,c	;volatile
   119                           
   120                           ;main_CursoPic18.c: 9: TRISB=0xFF;
   121  007FC8  6893               	setf	3987,c	;volatile
   122                           
   123                           ;main_CursoPic18.c: 11: ADCON1 = 0x0F;
   124  007FCA  0E0F               	movlw	15
   125  007FCC  6EC1               	movwf	4033,c	;volatile
   126                           
   127                           ;main_CursoPic18.c: 13: PORTD=0;
   128  007FCE  0E00               	movlw	0
   129  007FD0  6E83               	movwf	3971,c	;volatile
   130                           
   131                           ;main_CursoPic18.c: 14: PORTB=1;
   132  007FD2  0E01               	movlw	1
   133  007FD4  6E81               	movwf	3969,c	;volatile
   134  007FD6                     
   135                           ;main_CursoPic18.c: 19: if(RB0==0){
   136  007FD6  B081               	btfsc	3969,0,c	;volatile
   137  007FD8  D7FE               	goto	l21
   138                           
   139                           ;main_CursoPic18.c: 20: RD0=1;
   140  007FDA  8083               	bsf	3971,0,c	;volatile
   141                           
   142                           ;main_CursoPic18.c: 21: _delay((unsigned long)((30)*(20000000/4000.0)));
   143  007FDC  0EC3               	movlw	195
   144  007FDE  6E01               	movwf	??_main& (0+255),c
   145  007FE0  0ECD               	movlw	205
   146  007FE2                     u27:
   147  007FE2  2EE8               	decfsz	wreg,f,c
   148  007FE4  D7FE               	bra	u27
   149  007FE6  2E01               	decfsz	??_main& (0+255),f,c
   150  007FE8  D7FC               	bra	u27
   151  007FEA  F000               	nop	
   152                           
   153                           ;main_CursoPic18.c: 22: RD0=0;
   154  007FEC  9083               	bcf	3971,0,c	;volatile
   155                           
   156                           ;main_CursoPic18.c: 23: _delay((unsigned long)((30)*(20000000/4000.0)));
   157  007FEE  0EC3               	movlw	195
   158  007FF0  6E01               	movwf	??_main& (0+255),c
   159  007FF2  0ECD               	movlw	205
   160  007FF4                     u37:
   161  007FF4  2EE8               	decfsz	wreg,f,c
   162  007FF6  D7FE               	bra	u37
   163  007FF8  2E01               	decfsz	??_main& (0+255),f,c
   164  007FFA  D7FC               	bra	u37
   165  007FFC  F000               	nop	
   166  007FFE  D7EB               	goto	l21
   167  008000                     __end_of_main:
   168                           	opt stack 0
   169  0000                     wreg	equ	0xFE8
   170                           wreg	equ	0xFE8
   171                           
   172                           	psect	rparam
   173  0000                     wreg	equ	0xFE8


Data Sizes:
    Strings     0
    Constant    0
    Data        0
    BSS         0
    Persistent  0
    Stack       0

Auto Spaces:
    Space          Size  Autos    Used
    COMRAM           95      1       1
    BANK0           160      0       0
    BANK1           256      0       0
    BANK2           256      0       0
    BANK3           256      0       0
    BANK4           256      0       0
    BANK5           256      0       0
    BANK6           256      0       0
    BANK7           256      0       0

Pointer List with Targets:

    None.

Critical Paths under _main in COMRAM

    None.

Critical Paths under _main in BANK0

    None.

Critical Paths under _main in BANK1

    None.

Critical Paths under _main in BANK2

    None.

Critical Paths under _main in BANK3

    None.

Critical Paths under _main in BANK4

    None.

Critical Paths under _main in BANK5

    None.

Critical Paths under _main in BANK6

    None.

Critical Paths under _main in BANK7

    None.

Call Graph Tables:

 ---------------------------------------------------------------------------------
 (Depth) Function   	        Calls       Base Space   Used Autos Params    Refs
 ---------------------------------------------------------------------------------
 (0) _main                                                 1     1      0       0
                                              0 COMRAM     1     1      0
 ---------------------------------------------------------------------------------
 Estimated maximum stack depth 0
 ---------------------------------------------------------------------------------

 Call Graph Graphs:

 _main (ROOT)

 Address spaces:
Name               Size   Autos  Total    Cost      Usage
BITCOMRAM           5F      0       0       0        0.0%
EEDATA             100      0       0       0        0.0%
NULL                 0      0       0       0        0.0%
CODE                 0      0       0       0        0.0%
COMRAM              5F      1       1       1        1.1%
STACK                0      0       0       2        0.0%
DATA                 0      0       0       3        0.0%
BITBANK0            A0      0       0       4        0.0%
BANK0               A0      0       0       5        0.0%
BITBANK1           100      0       0       6        0.0%
BANK1              100      0       0       7        0.0%
BITBANK2           100      0       0       8        0.0%
BANK2              100      0       0       9        0.0%
BITBANK3           100      0       0      10        0.0%
BANK3              100      0       0      11        0.0%
BITBANK4           100      0       0      12        0.0%
BANK4              100      0       0      13        0.0%
BITBANK5           100      0       0      14        0.0%
BANK5              100      0       0      15        0.0%
BITBANK6           100      0       0      16        0.0%
BANK6              100      0       0      17        0.0%
BITBANK7           100      0       0      18        0.0%
BANK7              100      0       0      19        0.0%
ABS                  0      0       0      20        0.0%
BIGRAM             7FF      0       0      21        0.0%
BITSFR               0      0       0     200        0.0%
SFR                  0      0       0     200        0.0%


Microchip Technology PIC18 Macro Assembler V1.43 build -156212558 
Symbol Table                                                                                   Mon Sep 18 12:55:09 2017

                     l21 7FD6                       u27 7FE2                       u37 7FF4  
            __CFG_BOR$ON 000000              __CFG_BORV$3 000000             __CFG_CP0$OFF 000000  
           __CFG_CP1$OFF 000000             __CFG_CP2$OFF 000000             __CFG_CP3$OFF 000000  
            __CFG_LVP$ON 000000             __CFG_CPB$OFF 000000                      _RB0 007C08  
                    _RD0 007C18             __CFG_CPD$OFF 000000                      wreg 000FE8  
           __CFG_FOSC$HS 000000             __CFG_WDT$OFF 000000             __CFG_PWRT$ON 000000  
                   _main 7FC4                     start 0000            __CFG_IESO$OFF 000000  
          __CFG_MCLRE$ON 000000             ___param_bank 000000            __CFG_PLLDIV$5 000000  
         __CFG_CCP2MX$ON 000000                    ?_main 0001                    _PORTB 000F81  
                  _PORTD 000F83            __CFG_USBDIV$2 000000                    _TRISB 000F93  
                  _TRISD 000F95            __CFG_WRT0$OFF 000000            __CFG_WRT1$OFF 000000  
          __CFG_WRT2$OFF 000000            __CFG_WRT3$OFF 000000           __CFG_EBTR0$OFF 000000  
         __CFG_FCMEN$OFF 000000           __CFG_EBTR1$OFF 000000           __CFG_EBTR2$OFF 000000  
         __CFG_EBTR3$OFF 000000            __CFG_WRTB$OFF 000000            __CFG_WRTC$OFF 000000  
          __CFG_WRTD$OFF 000000           __CFG_EBTRB$OFF 000000           __CFG_ICPRT$OFF 000000  
         __CFG_PBADEN$ON 000000          __initialization 7FBE             __end_of_main 8000  
                 ??_main 0001            __activetblptr 000000                   _ADCON1 000FC1  
         __CFG_XINST$OFF 000000           __CFG_STVREN$ON 000000               __accesstop 0060  
__end_of__initialization 7FBE            ___rparam_used 000001           __pcstackCOMRAM 0001  
        __CFG_VREGEN$OFF 000000                  __Hparam 0000                  __Lparam 0000  
                __pcinit 7FBE                  __ramtop 0800                  __ptext0 7FC4  
   end_of_initialization 7FBE      start_initialization 7FBE         __CFG_LPT1OSC$OFF 000000  
       __CFG_WDTPS$32768 000000                 __Hrparam 0000                 __Lrparam 0000  
          __size_of_main 003C    __CFG_CPUDIV$OSC1_PLL2 000000  
