

Microchip Technology PIC18 LITE Macro Assembler V1.43 build -156212558 
                                                                                               Tue Sep 26 23:30:59 2017

Microchip Technology Omniscient Code Generator v1.43 (Free mode) build 201707250354
     1                           	processor	18F4550
     2                           	fnconf	rparam,??,?,0
     3                           	opt	pw 120
     4                           	opt	lm
     5                           	psect	cinit,global,reloc=2,class=CODE,delta=1
     6                           	psect	cstackCOMRAM,global,class=COMRAM,space=1,delta=1,noexec
     7                           	psect	text0,global,reloc=2,class=CODE,delta=1
     8                           	psect	intsave_regs,global,class=BIGRAM,space=1,delta=1,noexec
     9                           	psect	rparam,global,class=COMRAM,space=1,delta=1,noexec
    10  0000                     
    11                           ; Version 1.43
    12                           ; Generated 25/07/2017 GMT
    13                           ; 
    14                           ; Copyright © 2017, Microchip Technology Inc. and its subsidiaries ("Microchip")
    15                           ; All rights reserved.
    16                           ; 
    17                           ; This software is developed by Microchip Technology Inc. and its subsidiaries ("Microch
      +                          ip").
    18                           ; 
    19                           ; Redistribution and use in source and binary forms, with or without modification, are
    20                           ; permitted provided that the following conditions are met:
    21                           ; 
    22                           ;     1. Redistributions of source code must retain the above copyright notice, this lis
      +                          t of
    23                           ;        conditions and the following disclaimer.
    24                           ; 
    25                           ;     2. Redistributions in binary form must reproduce the above copyright notice, this 
      +                          list
    26                           ;        of conditions and the following disclaimer in the documentation and/or other
    27                           ;        materials provided with the distribution.
    28                           ; 
    29                           ;     3. Microchip's name may not be used to endorse or promote products derived from th
      +                          is
    30                           ;        software without specific prior written permission.
    31                           ; 
    32                           ; THIS SOFTWARE IS PROVIDED BY MICROCHIP "AS IS" AND ANY EXPRESS OR IMPLIED WARRANTIES,
    33                           ; INCLUDING, BUT NOT LIMITED TO, THE IMPLIED WARRANTIES OF MERCHANTABILITY AND FITNESS F
      +                          OR
    34                           ; PURPOSE ARE DISCLAIMED.  IN NO EVENT SHALL MICROCHIP BE LIABLE FOR ANY DIRECT, INDIREC
      +                          T,
    35                           ; INCIDENTAL, SPECIAL, EXEMPLARY, OR CONSEQUENTIAL DAMAGES (INCLUDING BUT NOT LIMITED TO
    36                           ; PROCUREMENT OF SUBSTITUTE GOODS OR SERVICES; LOSS OF USE, DATA OR PROFITS; OR BUSINESS
    37                           ; INTERRUPTION) HOWSOEVER CAUSED AND ON ANY THEORY OF LIABILITY, WHETHER IN CONTRACT, ST
      +                          RICT
    38                           ; LIABILITY, OR TORT (INCLUDING NEGLIGENCE OR OTHERWISE) ARISING IN ANY WAY OUT OF THE U
      +                          SE OF
    39                           ; THIS SOFTWARE, EVEN IF ADVISED OF THE POSSIBILITY OF SUCH DAMAGE.
    40                           ; 
    41                           ; 
    42                           ; Code-generator required, PIC18F4550 Definitions
    43                           ; 
    44                           ; SFR Addresses
    45  0000                     _PORTD	set	3971
    46  0000                     _ADCON1	set	4033
    47  0000                     _TRISD	set	3989
    48                           
    49                           ; #config settings
    50  0000                     
    51                           	psect	cinit
    52  007F1E                     __pcinit:
    53                           	opt stack 0
    54  007F1E                     start_initialization:
    55                           	opt stack 0
    56  007F1E                     __initialization:
    57                           	opt stack 0
    58  007F1E                     end_of_initialization:
    59                           	opt stack 0
    60  007F1E                     __end_of__initialization:
    61                           	opt stack 0
    62  007F1E  0100               	movlb	0
    63  007F20  EF92  F03F         	goto	_main	;jump to C main() function
    64                           
    65                           	psect	cstackCOMRAM
    66  000001                     __pcstackCOMRAM:
    67                           	opt stack 0
    68  000001                     ??_main:
    69                           
    70                           ; 1 bytes @ 0x0
    71  000001                     	ds	2
    72  000003                     main@contr:
    73                           	opt stack 0
    74                           
    75                           ; 2 bytes @ 0x2
    76  000003                     	ds	2
    77  000005                     main@led:
    78                           	opt stack 0
    79                           
    80                           ; 1 bytes @ 0x4
    81  000005                     	ds	1
    82                           
    83 ;;
    84 ;;Main: autosize = 0, tempsize = 2, incstack = 0, save=0
    85 ;;
    86 ;; *************** function _main *****************
    87 ;; Defined at:
    88 ;;		line 12 in file "ProyectoMain.c"
    89 ;; Parameters:    Size  Location     Type
    90 ;;		None
    91 ;; Auto vars:     Size  Location     Type
    92 ;;  contr           2    2[COMRAM] unsigned int 
    93 ;;  led             1    4[COMRAM] unsigned char 
    94 ;; Return value:  Size  Location     Type
    95 ;;                  1    wreg      void 
    96 ;; Registers used:
    97 ;;		wreg, status,2, status,0
    98 ;; Tracked objects:
    99 ;;		On entry : 0/0
   100 ;;		On exit  : 0/0
   101 ;;		Unchanged: 0/0
   102 ;; Data sizes:     COMRAM   BANK0   BANK1   BANK2   BANK3   BANK4   BANK5   BANK6   BANK7
   103 ;;      Params:         0       0       0       0       0       0       0       0       0
   104 ;;      Locals:         3       0       0       0       0       0       0       0       0
   105 ;;      Temps:          2       0       0       0       0       0       0       0       0
   106 ;;      Totals:         5       0       0       0       0       0       0       0       0
   107 ;;Total ram usage:        5 bytes
   108 ;; This function calls:
   109 ;;		Nothing
   110 ;; This function is called by:
   111 ;;		Startup code after reset
   112 ;; This function uses a non-reentrant model
   113 ;;
   114                           
   115                           	psect	text0
   116  007F24                     __ptext0:
   117                           	opt stack 0
   118  007F24                     _main:
   119                           	opt stack 31
   120                           
   121                           ;ProyectoMain.c: 13: unsigned char led=0;
   122                           
   123                           ;incstack = 0
   124  007F24  0E00               	movlw	0
   125  007F26  6E05               	movwf	main@led,c
   126                           
   127                           ;ProyectoMain.c: 14: unsigned int contr=0;
   128  007F28  0E00               	movlw	0
   129  007F2A  6E04               	movwf	main@contr+1,c
   130  007F2C  0E00               	movlw	0
   131  007F2E  6E03               	movwf	main@contr,c
   132                           
   133                           ;ProyectoMain.c: 15: TRISD=0x00;
   134  007F30  0E00               	movlw	0
   135  007F32  6E95               	movwf	3989,c	;volatile
   136                           
   137                           ;ProyectoMain.c: 16: ADCON1 =0x0F;
   138  007F34  0E0F               	movlw	15
   139  007F36  6EC1               	movwf	4033,c	;volatile
   140  007F38                     
   141                           ;ProyectoMain.c: 18: if (contr==0){
   142  007F38  5003               	movf	main@contr,w,c
   143  007F3A  1004               	iorwf	main@contr+1,w,c
   144  007F3C  A4D8               	btfss	status,2,c
   145  007F3E  D02F               	goto	l14
   146                           
   147                           ;ProyectoMain.c: 19: PORTD=(1 << led);
   148  007F40  C005  F001         	movff	main@led,??_main
   149  007F44  0E01               	movlw	1
   150  007F46  6E02               	movwf	(??_main+1)& (0+255),c
   151  007F48  2A01               	incf	??_main,f,c
   152  007F4A  D002               	goto	u24
   153  007F4C                     u25:
   154  007F4C  90D8               	bcf	status,0,c
   155  007F4E  3602               	rlcf	??_main+1,f,c
   156  007F50                     u24:
   157  007F50  2E01               	decfsz	??_main,f,c
   158  007F52  D7FC               	goto	u25
   159  007F54  5002               	movf	??_main+1,w,c
   160  007F56  6E83               	movwf	3971,c	;volatile
   161                           
   162                           ;ProyectoMain.c: 20: led++;
   163  007F58  2A05               	incf	main@led,f,c
   164                           
   165                           ;ProyectoMain.c: 21: if(led==8){
   166  007F5A  0E08               	movlw	8
   167  007F5C  1805               	xorwf	main@led,w,c
   168  007F5E  A4D8               	btfss	status,2,c
   169  007F60  D006               	goto	l15
   170                           
   171                           ;ProyectoMain.c: 22: contr =1;
   172  007F62  0E00               	movlw	0
   173  007F64  6E04               	movwf	main@contr+1,c
   174  007F66  0E01               	movlw	1
   175  007F68  6E03               	movwf	main@contr,c
   176                           
   177                           ;ProyectoMain.c: 23: led=6;
   178  007F6A  0E06               	movlw	6
   179  007F6C  6E05               	movwf	main@led,c
   180  007F6E                     l15:
   181                           
   182                           ;ProyectoMain.c: 24: }
   183                           ;ProyectoMain.c: 25: _delay((unsigned long)((50)*(20000000/4000.0)));
   184  007F6E  0E02               	movlw	2
   185  007F70  6E02               	movwf	(??_main+1)& (0+255),c
   186  007F72  0E45               	movlw	69
   187  007F74  6E01               	movwf	??_main& (0+255),c
   188  007F76  0EAA               	movlw	170
   189  007F78                     u77:
   190  007F78  2EE8               	decfsz	wreg,f,c
   191  007F7A  D7FE               	bra	u77
   192  007F7C  2E01               	decfsz	??_main& (0+255),f,c
   193  007F7E  D7FC               	bra	u77
   194  007F80  2E02               	decfsz	(??_main+1)& (0+255),f,c
   195  007F82  D7FA               	bra	u77
   196                           
   197                           ;ProyectoMain.c: 26: PORTD=0x00;
   198  007F84  0E00               	movlw	0
   199  007F86  6E83               	movwf	3971,c	;volatile
   200                           
   201                           ;ProyectoMain.c: 27: _delay((unsigned long)((50)*(20000000/4000.0)));}
   202  007F88  0E02               	movlw	2
   203  007F8A  6E02               	movwf	(??_main+1)& (0+255),c
   204  007F8C  0E45               	movlw	69
   205  007F8E  6E01               	movwf	??_main& (0+255),c
   206  007F90  0EAA               	movlw	170
   207  007F92                     u87:
   208  007F92  2EE8               	decfsz	wreg,f,c
   209  007F94  D7FE               	bra	u87
   210  007F96  2E01               	decfsz	??_main& (0+255),f,c
   211  007F98  D7FC               	bra	u87
   212  007F9A  2E02               	decfsz	(??_main+1)& (0+255),f,c
   213  007F9C  D7FA               	bra	u87
   214  007F9E                     l14:
   215                           
   216                           ;ProyectoMain.c: 28: if(contr==1){
   217  007F9E  0403               	decf	main@contr,w,c
   218  007FA0  1004               	iorwf	main@contr+1,w,c
   219  007FA2  A4D8               	btfss	status,2,c
   220  007FA4  D7C9               	goto	l13
   221                           
   222                           ;ProyectoMain.c: 29: PORTD=(1 << led);
   223  007FA6  C005  F001         	movff	main@led,??_main
   224  007FAA  0E01               	movlw	1
   225  007FAC  6E02               	movwf	(??_main+1)& (0+255),c
   226  007FAE  2A01               	incf	??_main,f,c
   227  007FB0  D002               	goto	u54
   228  007FB2                     u55:
   229  007FB2  90D8               	bcf	status,0,c
   230  007FB4  3602               	rlcf	??_main+1,f,c
   231  007FB6                     u54:
   232  007FB6  2E01               	decfsz	??_main,f,c
   233  007FB8  D7FC               	goto	u55
   234  007FBA  5002               	movf	??_main+1,w,c
   235  007FBC  6E83               	movwf	3971,c	;volatile
   236                           
   237                           ;ProyectoMain.c: 30: led--;
   238  007FBE  0605               	decf	main@led,f,c
   239                           
   240                           ;ProyectoMain.c: 31: if(led==0){
   241  007FC0  5005               	movf	main@led,w,c
   242  007FC2  A4D8               	btfss	status,2,c
   243  007FC4  D004               	goto	l17
   244                           
   245                           ;ProyectoMain.c: 32: contr =0;
   246  007FC6  0E00               	movlw	0
   247  007FC8  6E04               	movwf	main@contr+1,c
   248  007FCA  0E00               	movlw	0
   249  007FCC  6E03               	movwf	main@contr,c
   250  007FCE                     l17:
   251                           
   252                           ;ProyectoMain.c: 33: }
   253                           ;ProyectoMain.c: 34: _delay((unsigned long)((50)*(20000000/4000.0)));
   254  007FCE  0E02               	movlw	2
   255  007FD0  6E02               	movwf	(??_main+1)& (0+255),c
   256  007FD2  0E45               	movlw	69
   257  007FD4  6E01               	movwf	??_main& (0+255),c
   258  007FD6  0EAA               	movlw	170
   259  007FD8                     u97:
   260  007FD8  2EE8               	decfsz	wreg,f,c
   261  007FDA  D7FE               	bra	u97
   262  007FDC  2E01               	decfsz	??_main& (0+255),f,c
   263  007FDE  D7FC               	bra	u97
   264  007FE0  2E02               	decfsz	(??_main+1)& (0+255),f,c
   265  007FE2  D7FA               	bra	u97
   266                           
   267                           ;ProyectoMain.c: 35: PORTD=0x00;
   268  007FE4  0E00               	movlw	0
   269  007FE6  6E83               	movwf	3971,c	;volatile
   270                           
   271                           ;ProyectoMain.c: 36: _delay((unsigned long)((50)*(20000000/4000.0)));
   272  007FE8  0E02               	movlw	2
   273  007FEA  6E02               	movwf	(??_main+1)& (0+255),c
   274  007FEC  0E45               	movlw	69
   275  007FEE  6E01               	movwf	??_main& (0+255),c
   276  007FF0  0EAA               	movlw	170
   277  007FF2                     u107:
   278  007FF2  2EE8               	decfsz	wreg,f,c
   279  007FF4  D7FE               	bra	u107
   280  007FF6  2E01               	decfsz	??_main& (0+255),f,c
   281  007FF8  D7FC               	bra	u107
   282  007FFA  2E02               	decfsz	(??_main+1)& (0+255),f,c
   283  007FFC  D7FA               	bra	u107
   284                           
   285                           ;ProyectoMain.c: 37: }
   286                           ;ProyectoMain.c: 38: }while(1);
   287  007FFE  D79C               	goto	l13
   288  008000                     __end_of_main:
   289                           	opt stack 0
   290  0000                     wreg	equ	0xFE8
   291                           status	equ	0xFD8
   292                           wreg	equ	0xFE8
   293                           status	equ	0xFD8
   294                           
   295                           	psect	rparam
   296  0000                     wreg	equ	0xFE8
   297                           status	equ	0xFD8


Data Sizes:
    Strings     0
    Constant    0
    Data        0
    BSS         0
    Persistent  0
    Stack       0

Auto Spaces:
    Space          Size  Autos    Used
    COMRAM           95      5       5
    BANK0           160      0       0
    BANK1           256      0       0
    BANK2           256      0       0
    BANK3           256      0       0
    BANK4           256      0       0
    BANK5           256      0       0
    BANK6           256      0       0
    BANK7           256      0       0

Pointer List with Targets:

    None.

Critical Paths under _main in COMRAM

    None.

Critical Paths under _main in BANK0

    None.

Critical Paths under _main in BANK1

    None.

Critical Paths under _main in BANK2

    None.

Critical Paths under _main in BANK3

    None.

Critical Paths under _main in BANK4

    None.

Critical Paths under _main in BANK5

    None.

Critical Paths under _main in BANK6

    None.

Critical Paths under _main in BANK7

    None.

Call Graph Tables:

 ---------------------------------------------------------------------------------
 (Depth) Function   	        Calls       Base Space   Used Autos Params    Refs
 ---------------------------------------------------------------------------------
 (0) _main                                                 5     5      0      90
                                              0 COMRAM     5     5      0
 ---------------------------------------------------------------------------------
 Estimated maximum stack depth 0
 ---------------------------------------------------------------------------------

 Call Graph Graphs:

 _main (ROOT)

 Address spaces:
Name               Size   Autos  Total    Cost      Usage
BITCOMRAM           5F      0       0       0        0.0%
EEDATA             100      0       0       0        0.0%
NULL                 0      0       0       0        0.0%
CODE                 0      0       0       0        0.0%
COMRAM              5F      5       5       1        5.3%
STACK                0      0       0       2        0.0%
DATA                 0      0       0       3        0.0%
BITBANK0            A0      0       0       4        0.0%
BANK0               A0      0       0       5        0.0%
BITBANK1           100      0       0       6        0.0%
BANK1              100      0       0       7        0.0%
BITBANK2           100      0       0       8        0.0%
BANK2              100      0       0       9        0.0%
BITBANK3           100      0       0      10        0.0%
BANK3              100      0       0      11        0.0%
BITBANK4           100      0       0      12        0.0%
BANK4              100      0       0      13        0.0%
BITBANK5           100      0       0      14        0.0%
BANK5              100      0       0      15        0.0%
BITBANK6           100      0       0      16        0.0%
BANK6              100      0       0      17        0.0%
BITBANK7           100      0       0      18        0.0%
BANK7              100      0       0      19        0.0%
ABS                  0      0       0      20        0.0%
BIGRAM             7FF      0       0      21        0.0%
BITSFR               0      0       0     200        0.0%
SFR                  0      0       0     200        0.0%


Microchip Technology PIC18 Macro Assembler V1.43 build -156212558 
Symbol Table                                                                                   Tue Sep 26 23:30:59 2017

                     l13 7F38                       l14 7F9E                       l15 7F6E  
                     l17 7FCE                       u24 7F50                       u25 7F4C  
                     u54 7FB6                       u55 7FB2                       u77 7F78  
                     u87 7F92                       u97 7FD8              __CFG_BOR$ON 000000  
            __CFG_BORV$3 000000             __CFG_CP0$OFF 000000             __CFG_CP1$OFF 000000  
           __CFG_CP2$OFF 000000             __CFG_CP3$OFF 000000              __CFG_LVP$ON 000000  
           __CFG_CPB$OFF 000000                      u107 7FF2             __CFG_CPD$OFF 000000  
                    wreg 000FE8             __CFG_FOSC$HS 000000             __CFG_WDT$OFF 000000  
           __CFG_PWRT$ON 000000                     _main 7F24                     start 0000  
          __CFG_IESO$OFF 000000            __CFG_MCLRE$ON 000000             ___param_bank 000000  
          __CFG_PLLDIV$5 000000           __CFG_CCP2MX$ON 000000                    ?_main 0001  
                  _PORTD 000F83            __CFG_USBDIV$2 000000                    _TRISD 000F95  
          __CFG_WRT0$OFF 000000            __CFG_WRT1$OFF 000000            __CFG_WRT2$OFF 000000  
          __CFG_WRT3$OFF 000000           __CFG_EBTR0$OFF 000000           __CFG_FCMEN$OFF 000000  
         __CFG_EBTR1$OFF 000000           __CFG_EBTR2$OFF 000000           __CFG_EBTR3$OFF 000000  
          __CFG_WRTB$OFF 000000            __CFG_WRTC$OFF 000000            __CFG_WRTD$OFF 000000  
         __CFG_EBTRB$OFF 000000                    status 000FD8           __CFG_ICPRT$OFF 000000  
         __CFG_PBADEN$ON 000000          __initialization 7F1E             __end_of_main 8000  
                 ??_main 0001            __activetblptr 000000                   _ADCON1 000FC1  
         __CFG_XINST$OFF 000000           __CFG_STVREN$ON 000000               __accesstop 0060  
__end_of__initialization 7F1E            ___rparam_used 000001           __pcstackCOMRAM 0001  
        __CFG_VREGEN$OFF 000000                  __Hparam 0000                  __Lparam 0000  
                __pcinit 7F1E                  __ramtop 0800                  __ptext0 7F24  
                main@led 0005     end_of_initialization 7F1E      start_initialization 7F1E  
       __CFG_LPT1OSC$OFF 000000         __CFG_WDTPS$32768 000000                main@contr 0003  
               __Hrparam 0000                 __Lrparam 0000            __size_of_main 00DC  
  __CFG_CPUDIV$OSC1_PLL2 000000  
