

Microchip Technology PIC18 LITE Macro Assembler V1.43 build -156212558 
                                                                                               Mon Sep 18 18:39:28 2017

Microchip Technology Omniscient Code Generator v1.43 (Free mode) build 201707250354
     1                           	processor	18F4550
     2                           	fnconf	rparam,??,?,0
     3                           	opt	pw 120
     4                           	opt	lm
     5                           	psect	cinit,global,reloc=2,class=CODE,delta=1
     6                           	psect	bssCOMRAM,global,class=COMRAM,space=1,delta=1,noexec
     7                           	psect	cstackCOMRAM,global,class=COMRAM,space=1,delta=1,noexec
     8                           	psect	text0,global,reloc=2,class=CODE,delta=1
     9                           	psect	intsave_regs,global,class=BIGRAM,space=1,delta=1,noexec
    10                           	psect	rparam,global,class=COMRAM,space=1,delta=1,noexec
    11  0000                     
    12                           ; Version 1.43
    13                           ; Generated 25/07/2017 GMT
    14                           ; 
    15                           ; Copyright © 2017, Microchip Technology Inc. and its subsidiaries ("Microchip")
    16                           ; All rights reserved.
    17                           ; 
    18                           ; This software is developed by Microchip Technology Inc. and its subsidiaries ("Microch
      +                          ip").
    19                           ; 
    20                           ; Redistribution and use in source and binary forms, with or without modification, are
    21                           ; permitted provided that the following conditions are met:
    22                           ; 
    23                           ;     1. Redistributions of source code must retain the above copyright notice, this lis
      +                          t of
    24                           ;        conditions and the following disclaimer.
    25                           ; 
    26                           ;     2. Redistributions in binary form must reproduce the above copyright notice, this 
      +                          list
    27                           ;        of conditions and the following disclaimer in the documentation and/or other
    28                           ;        materials provided with the distribution.
    29                           ; 
    30                           ;     3. Microchip's name may not be used to endorse or promote products derived from th
      +                          is
    31                           ;        software without specific prior written permission.
    32                           ; 
    33                           ; THIS SOFTWARE IS PROVIDED BY MICROCHIP "AS IS" AND ANY EXPRESS OR IMPLIED WARRANTIES,
    34                           ; INCLUDING, BUT NOT LIMITED TO, THE IMPLIED WARRANTIES OF MERCHANTABILITY AND FITNESS F
      +                          OR
    35                           ; PURPOSE ARE DISCLAIMED.  IN NO EVENT SHALL MICROCHIP BE LIABLE FOR ANY DIRECT, INDIREC
      +                          T,
    36                           ; INCIDENTAL, SPECIAL, EXEMPLARY, OR CONSEQUENTIAL DAMAGES (INCLUDING BUT NOT LIMITED TO
    37                           ; PROCUREMENT OF SUBSTITUTE GOODS OR SERVICES; LOSS OF USE, DATA OR PROFITS; OR BUSINESS
    38                           ; INTERRUPTION) HOWSOEVER CAUSED AND ON ANY THEORY OF LIABILITY, WHETHER IN CONTRACT, ST
      +                          RICT
    39                           ; LIABILITY, OR TORT (INCLUDING NEGLIGENCE OR OTHERWISE) ARISING IN ANY WAY OUT OF THE U
      +                          SE OF
    40                           ; THIS SOFTWARE, EVEN IF ADVISED OF THE POSSIBILITY OF SUCH DAMAGE.
    41                           ; 
    42                           ; 
    43                           ; Code-generator required, PIC18F4550 Definitions
    44                           ; 
    45                           ; SFR Addresses
    46  0000                     _ADCON1	set	4033
    47  0000                     _TRISB	set	3987
    48  0000                     _TRISD	set	3989
    49  0000                     _RB1	set	31753
    50  0000                     _RB0	set	31752
    51                           
    52                           ; #config settings
    53  0000                     
    54                           	psect	cinit
    55  007FC8                     __pcinit:
    56                           	opt stack 0
    57  007FC8                     start_initialization:
    58                           	opt stack 0
    59  007FC8                     __initialization:
    60                           	opt stack 0
    61                           
    62                           ; Clear objects allocated to COMRAM (2 bytes)
    63  007FC8  6A02               	clrf	(__pbssCOMRAM+1)& (0+255),c
    64  007FCA  6A01               	clrf	__pbssCOMRAM& (0+255),c
    65  007FCC                     end_of_initialization:
    66                           	opt stack 0
    67  007FCC                     __end_of__initialization:
    68                           	opt stack 0
    69  007FCC  0100               	movlb	0
    70  007FCE  EFE9  F03F         	goto	_main	;jump to C main() function
    71                           
    72                           	psect	bssCOMRAM
    73  000001                     __pbssCOMRAM:
    74                           	opt stack 0
    75  000001                     _repetir:
    76                           	opt stack 0
    77  000001                     	ds	2
    78                           
    79                           	psect	cstackCOMRAM
    80  000000                     __pcstackCOMRAM:
    81                           	opt stack 0
    82  000000                     
    83                           ; 1 bytes @ 0x0
    84 ;;
    85 ;;Main: autosize = 0, tempsize = 0, incstack = 0, save=0
    86 ;;
    87 ;; *************** function _main *****************
    88 ;; Defined at:
    89 ;;		line 14 in file "newmain.c"
    90 ;; Parameters:    Size  Location     Type
    91 ;;		None
    92 ;; Auto vars:     Size  Location     Type
    93 ;;		None
    94 ;; Return value:  Size  Location     Type
    95 ;;                  1    wreg      void 
    96 ;; Registers used:
    97 ;;		wreg, status,2, status,0
    98 ;; Tracked objects:
    99 ;;		On entry : 0/0
   100 ;;		On exit  : 0/0
   101 ;;		Unchanged: 0/0
   102 ;; Data sizes:     COMRAM   BANK0   BANK1   BANK2   BANK3   BANK4   BANK5   BANK6   BANK7
   103 ;;      Params:         0       0       0       0       0       0       0       0       0
   104 ;;      Locals:         0       0       0       0       0       0       0       0       0
   105 ;;      Temps:          0       0       0       0       0       0       0       0       0
   106 ;;      Totals:         0       0       0       0       0       0       0       0       0
   107 ;;Total ram usage:        0 bytes
   108 ;; This function calls:
   109 ;;		Nothing
   110 ;; This function is called by:
   111 ;;		Startup code after reset
   112 ;; This function uses a non-reentrant model
   113 ;;
   114                           
   115                           	psect	text0
   116  007FD2                     __ptext0:
   117                           	opt stack 0
   118  007FD2                     _main:
   119                           	opt stack 31
   120                           
   121                           ;newmain.c: 15: TRISD=0X00;
   122                           
   123                           ;incstack = 0
   124  007FD2  0E00               	movlw	0
   125  007FD4  6E95               	movwf	3989,c	;volatile
   126                           
   127                           ;newmain.c: 16: TRISB=0XFF;
   128  007FD6  6893               	setf	3987,c	;volatile
   129                           
   130                           ;newmain.c: 18: ADCON1 = 0x0F;
   131  007FD8  0E0F               	movlw	15
   132  007FDA  6EC1               	movwf	4033,c	;volatile
   133                           
   134                           ;newmain.c: 19: repetir=0;
   135  007FDC  0E00               	movlw	0
   136  007FDE  6E02               	movwf	_repetir+1,c
   137  007FE0  0E00               	movlw	0
   138  007FE2  6E01               	movwf	_repetir,c
   139  007FE4                     
   140                           ;newmain.c: 22: if(RB0 == 1){
   141  007FE4  A081               	btfss	3969,0,c	;volatile
   142  007FE6  D004               	goto	l18
   143  007FE8                     u10:
   144                           
   145                           ;newmain.c: 24: while(RB0==1){}
   146  007FE8  B081               	btfsc	3969,0,c	;volatile
   147  007FEA  D7FE               	goto	u10
   148                           
   149                           ;newmain.c: 25: ++repetir;
   150  007FEC  4A01               	infsnz	_repetir,f,c
   151  007FEE  2A02               	incf	_repetir+1,f,c
   152  007FF0                     l18:
   153                           
   154                           ;newmain.c: 27: }
   155                           ;newmain.c: 28: if(RB1 == 1){
   156  007FF0  A281               	btfss	3969,1,c	;volatile
   157  007FF2  D7F8               	goto	l17
   158  007FF4                     u30:
   159                           
   160                           ;newmain.c: 29: while(RB1==1){}
   161  007FF4  B281               	btfsc	3969,1,c	;volatile
   162  007FF6  D7FE               	goto	u30
   163                           
   164                           ;newmain.c: 30: --repetir;
   165  007FF8  0601               	decf	_repetir,f,c
   166  007FFA  A0D8               	btfss	status,0,c
   167  007FFC  0602               	decf	_repetir+1,f,c
   168  007FFE  D7F2               	goto	l17
   169  008000                     __end_of_main:
   170                           	opt stack 0
   171  0000                     status	equ	0xFD8
   172                           status	equ	0xFD8
   173                           
   174                           	psect	rparam
   175  0000                     status	equ	0xFD8


Data Sizes:
    Strings     0
    Constant    0
    Data        0
    BSS         2
    Persistent  0
    Stack       0

Auto Spaces:
    Space          Size  Autos    Used
    COMRAM           95      0       2
    BANK0           160      0       0
    BANK1           256      0       0
    BANK2           256      0       0
    BANK3           256      0       0
    BANK4           256      0       0
    BANK5           256      0       0
    BANK6           256      0       0
    BANK7           256      0       0

Pointer List with Targets:

    None.

Critical Paths under _main in COMRAM

    None.

Critical Paths under _main in BANK0

    None.

Critical Paths under _main in BANK1

    None.

Critical Paths under _main in BANK2

    None.

Critical Paths under _main in BANK3

    None.

Critical Paths under _main in BANK4

    None.

Critical Paths under _main in BANK5

    None.

Critical Paths under _main in BANK6

    None.

Critical Paths under _main in BANK7

    None.

Call Graph Tables:

 ---------------------------------------------------------------------------------
 (Depth) Function   	        Calls       Base Space   Used Autos Params    Refs
 ---------------------------------------------------------------------------------
 (0) _main                                                 0     0      0       0
 ---------------------------------------------------------------------------------
 Estimated maximum stack depth 0
 ---------------------------------------------------------------------------------

 Call Graph Graphs:

 _main (ROOT)

 Address spaces:
Name               Size   Autos  Total    Cost      Usage
BIGRAM             7FF      0       0      21        0.0%
EEDATA             100      0       0       0        0.0%
BITBANK7           100      0       0      18        0.0%
BANK7              100      0       0      19        0.0%
BITBANK6           100      0       0      16        0.0%
BANK6              100      0       0      17        0.0%
BITBANK5           100      0       0      14        0.0%
BANK5              100      0       0      15        0.0%
BITBANK4           100      0       0      12        0.0%
BANK4              100      0       0      13        0.0%
BITBANK3           100      0       0      10        0.0%
BANK3              100      0       0      11        0.0%
BITBANK2           100      0       0       8        0.0%
BANK2              100      0       0       9        0.0%
BITBANK1           100      0       0       6        0.0%
BANK1              100      0       0       7        0.0%
BITBANK0            A0      0       0       4        0.0%
BANK0               A0      0       0       5        0.0%
BITCOMRAM           5F      0       0       0        0.0%
COMRAM              5F      0       2       1        2.1%
BITSFR               0      0       0     200        0.0%
SFR                  0      0       0     200        0.0%
STACK                0      0       0       2        0.0%
NULL                 0      0       0       0        0.0%
ABS                  0      0       2      20        0.0%
DATA                 0      0       2       3        0.0%
CODE                 0      0       0       0        0.0%


Microchip Technology PIC18 Macro Assembler V1.43 build -156212558 
Symbol Table                                                                                   Mon Sep 18 18:39:28 2017

                     l17 7FE4                       l18 7FF0                       u10 7FE8  
                     u30 7FF4              __CFG_BOR$ON 000000              __CFG_BORV$3 000000  
           __CFG_CP0$OFF 000000             __CFG_CP1$OFF 000000             __CFG_CP2$OFF 000000  
           __CFG_CP3$OFF 000000              __CFG_LVP$ON 000000             __CFG_CPB$OFF 000000  
                    _RB0 007C08                      _RB1 007C09             __CFG_CPD$OFF 000000  
           __CFG_FOSC$HS 000000             __CFG_WDT$OFF 000000             __CFG_PWRT$ON 000000  
                   _main 7FD2                     start 0000            __CFG_IESO$OFF 000000  
          __CFG_MCLRE$ON 000000             ___param_bank 000000            __CFG_PLLDIV$5 000000  
         __CFG_CCP2MX$ON 000000                    ?_main 0000            __CFG_USBDIV$2 000000  
                  _TRISB 000F93                    _TRISD 000F95            __CFG_WRT0$OFF 000000  
          __CFG_WRT1$OFF 000000            __CFG_WRT2$OFF 000000            __CFG_WRT3$OFF 000000  
         __CFG_EBTR0$OFF 000000           __CFG_FCMEN$OFF 000000           __CFG_EBTR1$OFF 000000  
         __CFG_EBTR2$OFF 000000           __CFG_EBTR3$OFF 000000            __CFG_WRTB$OFF 000000  
          __CFG_WRTC$OFF 000000            __CFG_WRTD$OFF 000000           __CFG_EBTRB$OFF 000000  
                  status 000FD8           __CFG_ICPRT$OFF 000000           __CFG_PBADEN$ON 000000  
        __initialization 7FC8             __end_of_main 8000                   ??_main 0000  
          __activetblptr 000000                   _ADCON1 000FC1           __CFG_XINST$OFF 000000  
         __CFG_STVREN$ON 000000               __accesstop 0060  __end_of__initialization 7FCC  
          ___rparam_used 000001           __pcstackCOMRAM 0000          __CFG_VREGEN$OFF 000000  
                __Hparam 0000                  __Lparam 0000                  __pcinit 7FC8  
                __ramtop 0800                  __ptext0 7FD2                  _repetir 0001  
   end_of_initialization 7FCC      start_initialization 7FC8         __CFG_LPT1OSC$OFF 000000  
            __pbssCOMRAM 0001         __CFG_WDTPS$32768 000000                 __Hrparam 0000  
               __Lrparam 0000            __size_of_main 002E    __CFG_CPUDIV$OSC1_PLL2 000000  
