

Microchip Technology PIC18 LITE Macro Assembler V1.43 build -156212558 
                                                                                               Tue Sep 26 23:39:37 2017

Microchip Technology Omniscient Code Generator v1.43 (Free mode) build 201707250354
     1                           	processor	18F4550
     2                           	fnconf	rparam,??,?,0
     3                           	opt	pw 120
     4                           	opt	lm
     5                           	psect	cinit,global,reloc=2,class=CODE,delta=1
     6                           	psect	cstackCOMRAM,global,class=COMRAM,space=1,delta=1,noexec
     7                           	psect	text0,global,reloc=2,class=CODE,delta=1
     8                           	psect	intsave_regs,global,class=BIGRAM,space=1,delta=1,noexec
     9                           	psect	rparam,global,class=COMRAM,space=1,delta=1,noexec
    10  0000                     
    11                           ; Version 1.43
    12                           ; Generated 25/07/2017 GMT
    13                           ; 
    14                           ; Copyright © 2017, Microchip Technology Inc. and its subsidiaries ("Microchip")
    15                           ; All rights reserved.
    16                           ; 
    17                           ; This software is developed by Microchip Technology Inc. and its subsidiaries ("Microch
      +                          ip").
    18                           ; 
    19                           ; Redistribution and use in source and binary forms, with or without modification, are
    20                           ; permitted provided that the following conditions are met:
    21                           ; 
    22                           ;     1. Redistributions of source code must retain the above copyright notice, this lis
      +                          t of
    23                           ;        conditions and the following disclaimer.
    24                           ; 
    25                           ;     2. Redistributions in binary form must reproduce the above copyright notice, this 
      +                          list
    26                           ;        of conditions and the following disclaimer in the documentation and/or other
    27                           ;        materials provided with the distribution.
    28                           ; 
    29                           ;     3. Microchip's name may not be used to endorse or promote products derived from th
      +                          is
    30                           ;        software without specific prior written permission.
    31                           ; 
    32                           ; THIS SOFTWARE IS PROVIDED BY MICROCHIP "AS IS" AND ANY EXPRESS OR IMPLIED WARRANTIES,
    33                           ; INCLUDING, BUT NOT LIMITED TO, THE IMPLIED WARRANTIES OF MERCHANTABILITY AND FITNESS F
      +                          OR
    34                           ; PURPOSE ARE DISCLAIMED.  IN NO EVENT SHALL MICROCHIP BE LIABLE FOR ANY DIRECT, INDIREC
      +                          T,
    35                           ; INCIDENTAL, SPECIAL, EXEMPLARY, OR CONSEQUENTIAL DAMAGES (INCLUDING BUT NOT LIMITED TO
    36                           ; PROCUREMENT OF SUBSTITUTE GOODS OR SERVICES; LOSS OF USE, DATA OR PROFITS; OR BUSINESS
    37                           ; INTERRUPTION) HOWSOEVER CAUSED AND ON ANY THEORY OF LIABILITY, WHETHER IN CONTRACT, ST
      +                          RICT
    38                           ; LIABILITY, OR TORT (INCLUDING NEGLIGENCE OR OTHERWISE) ARISING IN ANY WAY OUT OF THE U
      +                          SE OF
    39                           ; THIS SOFTWARE, EVEN IF ADVISED OF THE POSSIBILITY OF SUCH DAMAGE.
    40                           ; 
    41                           ; 
    42                           ; Code-generator required, PIC18F4550 Definitions
    43                           ; 
    44                           ; SFR Addresses
    45  0000                     _PORTD	set	3971
    46  0000                     _ADCON1	set	4033
    47  0000                     _TRISD	set	3989
    48                           
    49                           ; #config settings
    50  0000                     
    51                           	psect	cinit
    52  007F96                     __pcinit:
    53                           	opt stack 0
    54  007F96                     start_initialization:
    55                           	opt stack 0
    56  007F96                     __initialization:
    57                           	opt stack 0
    58  007F96                     end_of_initialization:
    59                           	opt stack 0
    60  007F96                     __end_of__initialization:
    61                           	opt stack 0
    62  007F96  0100               	movlb	0
    63  007F98  EFCE  F03F         	goto	_main	;jump to C main() function
    64                           
    65                           	psect	cstackCOMRAM
    66  000001                     __pcstackCOMRAM:
    67                           	opt stack 0
    68  000001                     ??_main:
    69                           
    70                           ; 1 bytes @ 0x0
    71  000001                     	ds	2
    72  000003                     main@led:
    73                           	opt stack 0
    74                           
    75                           ; 1 bytes @ 0x2
    76  000003                     	ds	1
    77                           
    78 ;;
    79 ;;Main: autosize = 0, tempsize = 2, incstack = 0, save=0
    80 ;;
    81 ;; *************** function _main *****************
    82 ;; Defined at:
    83 ;;		line 12 in file "ProyectoMain.c"
    84 ;; Parameters:    Size  Location     Type
    85 ;;		None
    86 ;; Auto vars:     Size  Location     Type
    87 ;;  led             1    2[COMRAM] unsigned char 
    88 ;; Return value:  Size  Location     Type
    89 ;;                  1    wreg      void 
    90 ;; Registers used:
    91 ;;		wreg, status,2, status,0
    92 ;; Tracked objects:
    93 ;;		On entry : 0/0
    94 ;;		On exit  : 0/0
    95 ;;		Unchanged: 0/0
    96 ;; Data sizes:     COMRAM   BANK0   BANK1   BANK2   BANK3   BANK4   BANK5   BANK6   BANK7
    97 ;;      Params:         0       0       0       0       0       0       0       0       0
    98 ;;      Locals:         1       0       0       0       0       0       0       0       0
    99 ;;      Temps:          2       0       0       0       0       0       0       0       0
   100 ;;      Totals:         3       0       0       0       0       0       0       0       0
   101 ;;Total ram usage:        3 bytes
   102 ;; This function calls:
   103 ;;		Nothing
   104 ;; This function is called by:
   105 ;;		Startup code after reset
   106 ;; This function uses a non-reentrant model
   107 ;;
   108                           
   109                           	psect	text0
   110  007F9C                     __ptext0:
   111                           	opt stack 0
   112  007F9C                     _main:
   113                           	opt stack 31
   114                           
   115                           ;ProyectoMain.c: 13: unsigned char led=0;
   116                           
   117                           ;incstack = 0
   118  007F9C  0E00               	movlw	0
   119  007F9E  6E03               	movwf	main@led,c
   120                           
   121                           ;ProyectoMain.c: 15: TRISD=0x00;
   122  007FA0  0E00               	movlw	0
   123  007FA2  6E95               	movwf	3989,c	;volatile
   124                           
   125                           ;ProyectoMain.c: 16: ADCON1 =0x0F;
   126  007FA4  0E0F               	movlw	15
   127  007FA6  6EC1               	movwf	4033,c	;volatile
   128  007FA8                     
   129                           ;ProyectoMain.c: 18: PORTD=(1 << led);
   130  007FA8  C003  F001         	movff	main@led,??_main
   131  007FAC  0E01               	movlw	1
   132  007FAE  6E02               	movwf	(??_main+1)& (0+255),c
   133  007FB0  2A01               	incf	??_main,f,c
   134  007FB2  D002               	goto	u14
   135  007FB4                     u15:
   136  007FB4  90D8               	bcf	status,0,c
   137  007FB6  3602               	rlcf	??_main+1,f,c
   138  007FB8                     u14:
   139  007FB8  2E01               	decfsz	??_main,f,c
   140  007FBA  D7FC               	goto	u15
   141  007FBC  5002               	movf	??_main+1,w,c
   142  007FBE  6E83               	movwf	3971,c	;volatile
   143                           
   144                           ;ProyectoMain.c: 19: led++;
   145  007FC0  2A03               	incf	main@led,f,c
   146                           
   147                           ;ProyectoMain.c: 20: if(led==8)
   148  007FC2  0E08               	movlw	8
   149  007FC4  1803               	xorwf	main@led,w,c
   150  007FC6  A4D8               	btfss	status,2,c
   151  007FC8  D002               	goto	l14
   152                           
   153                           ;ProyectoMain.c: 21: led=0;
   154  007FCA  0E00               	movlw	0
   155  007FCC  6E03               	movwf	main@led,c
   156  007FCE                     l14:
   157                           
   158                           ;ProyectoMain.c: 22: _delay((unsigned long)((50)*(20000000/4000.0)));
   159  007FCE  0E02               	movlw	2
   160  007FD0  6E02               	movwf	(??_main+1)& (0+255),c
   161  007FD2  0E45               	movlw	69
   162  007FD4  6E01               	movwf	??_main& (0+255),c
   163  007FD6  0EAA               	movlw	170
   164  007FD8                     u37:
   165  007FD8  2EE8               	decfsz	wreg,f,c
   166  007FDA  D7FE               	bra	u37
   167  007FDC  2E01               	decfsz	??_main& (0+255),f,c
   168  007FDE  D7FC               	bra	u37
   169  007FE0  2E02               	decfsz	(??_main+1)& (0+255),f,c
   170  007FE2  D7FA               	bra	u37
   171                           
   172                           ;ProyectoMain.c: 23: PORTD=0x00;
   173  007FE4  0E00               	movlw	0
   174  007FE6  6E83               	movwf	3971,c	;volatile
   175                           
   176                           ;ProyectoMain.c: 24: _delay((unsigned long)((50)*(20000000/4000.0)));
   177  007FE8  0E02               	movlw	2
   178  007FEA  6E02               	movwf	(??_main+1)& (0+255),c
   179  007FEC  0E45               	movlw	69
   180  007FEE  6E01               	movwf	??_main& (0+255),c
   181  007FF0  0EAA               	movlw	170
   182  007FF2                     u47:
   183  007FF2  2EE8               	decfsz	wreg,f,c
   184  007FF4  D7FE               	bra	u47
   185  007FF6  2E01               	decfsz	??_main& (0+255),f,c
   186  007FF8  D7FC               	bra	u47
   187  007FFA  2E02               	decfsz	(??_main+1)& (0+255),f,c
   188  007FFC  D7FA               	bra	u47
   189                           
   190                           ;ProyectoMain.c: 26: }while(1);
   191  007FFE  D7D4               	goto	l13
   192  008000                     __end_of_main:
   193                           	opt stack 0
   194  0000                     wreg	equ	0xFE8
   195                           status	equ	0xFD8
   196                           wreg	equ	0xFE8
   197                           status	equ	0xFD8
   198                           
   199                           	psect	rparam
   200  0000                     wreg	equ	0xFE8
   201                           status	equ	0xFD8


Data Sizes:
    Strings     0
    Constant    0
    Data        0
    BSS         0
    Persistent  0
    Stack       0

Auto Spaces:
    Space          Size  Autos    Used
    COMRAM           95      3       3
    BANK0           160      0       0
    BANK1           256      0       0
    BANK2           256      0       0
    BANK3           256      0       0
    BANK4           256      0       0
    BANK5           256      0       0
    BANK6           256      0       0
    BANK7           256      0       0

Pointer List with Targets:

    None.

Critical Paths under _main in COMRAM

    None.

Critical Paths under _main in BANK0

    None.

Critical Paths under _main in BANK1

    None.

Critical Paths under _main in BANK2

    None.

Critical Paths under _main in BANK3

    None.

Critical Paths under _main in BANK4

    None.

Critical Paths under _main in BANK5

    None.

Critical Paths under _main in BANK6

    None.

Critical Paths under _main in BANK7

    None.

Call Graph Tables:

 ---------------------------------------------------------------------------------
 (Depth) Function   	        Calls       Base Space   Used Autos Params    Refs
 ---------------------------------------------------------------------------------
 (0) _main                                                 3     3      0      30
                                              0 COMRAM     3     3      0
 ---------------------------------------------------------------------------------
 Estimated maximum stack depth 0
 ---------------------------------------------------------------------------------

 Call Graph Graphs:

 _main (ROOT)

 Address spaces:
Name               Size   Autos  Total    Cost      Usage
BITCOMRAM           5F      0       0       0        0.0%
EEDATA             100      0       0       0        0.0%
NULL                 0      0       0       0        0.0%
CODE                 0      0       0       0        0.0%
COMRAM              5F      3       3       1        3.2%
STACK                0      0       0       2        0.0%
DATA                 0      0       0       3        0.0%
BITBANK0            A0      0       0       4        0.0%
BANK0               A0      0       0       5        0.0%
BITBANK1           100      0       0       6        0.0%
BANK1              100      0       0       7        0.0%
BITBANK2           100      0       0       8        0.0%
BANK2              100      0       0       9        0.0%
BITBANK3           100      0       0      10        0.0%
BANK3              100      0       0      11        0.0%
BITBANK4           100      0       0      12        0.0%
BANK4              100      0       0      13        0.0%
BITBANK5           100      0       0      14        0.0%
BANK5              100      0       0      15        0.0%
BITBANK6           100      0       0      16        0.0%
BANK6              100      0       0      17        0.0%
BITBANK7           100      0       0      18        0.0%
BANK7              100      0       0      19        0.0%
ABS                  0      0       0      20        0.0%
BIGRAM             7FF      0       0      21        0.0%
BITSFR               0      0       0     200        0.0%
SFR                  0      0       0     200        0.0%


Microchip Technology PIC18 Macro Assembler V1.43 build -156212558 
Symbol Table                                                                                   Tue Sep 26 23:39:37 2017

                     l13 7FA8                       l14 7FCE                       u14 7FB8  
                     u15 7FB4                       u37 7FD8                       u47 7FF2  
            __CFG_BOR$ON 000000              __CFG_BORV$3 000000             __CFG_CP0$OFF 000000  
           __CFG_CP1$OFF 000000             __CFG_CP2$OFF 000000             __CFG_CP3$OFF 000000  
            __CFG_LVP$ON 000000             __CFG_CPB$OFF 000000             __CFG_CPD$OFF 000000  
                    wreg 000FE8             __CFG_FOSC$HS 000000             __CFG_WDT$OFF 000000  
           __CFG_PWRT$ON 000000                     _main 7F9C                     start 0000  
          __CFG_IESO$OFF 000000            __CFG_MCLRE$ON 000000             ___param_bank 000000  
          __CFG_PLLDIV$5 000000           __CFG_CCP2MX$ON 000000                    ?_main 0001  
                  _PORTD 000F83            __CFG_USBDIV$2 000000                    _TRISD 000F95  
          __CFG_WRT0$OFF 000000            __CFG_WRT1$OFF 000000            __CFG_WRT2$OFF 000000  
          __CFG_WRT3$OFF 000000           __CFG_EBTR0$OFF 000000           __CFG_FCMEN$OFF 000000  
         __CFG_EBTR1$OFF 000000           __CFG_EBTR2$OFF 000000           __CFG_EBTR3$OFF 000000  
          __CFG_WRTB$OFF 000000            __CFG_WRTC$OFF 000000            __CFG_WRTD$OFF 000000  
         __CFG_EBTRB$OFF 000000                    status 000FD8           __CFG_ICPRT$OFF 000000  
         __CFG_PBADEN$ON 000000          __initialization 7F96             __end_of_main 8000  
                 ??_main 0001            __activetblptr 000000                   _ADCON1 000FC1  
         __CFG_XINST$OFF 000000           __CFG_STVREN$ON 000000               __accesstop 0060  
__end_of__initialization 7F96            ___rparam_used 000001           __pcstackCOMRAM 0001  
        __CFG_VREGEN$OFF 000000                  __Hparam 0000                  __Lparam 0000  
                __pcinit 7F96                  __ramtop 0800                  __ptext0 7F9C  
                main@led 0003     end_of_initialization 7F96      start_initialization 7F96  
       __CFG_LPT1OSC$OFF 000000         __CFG_WDTPS$32768 000000                 __Hrparam 0000  
               __Lrparam 0000            __size_of_main 0064    __CFG_CPUDIV$OSC1_PLL2 000000  
